systemd(1)-+-ModemManager(864)-+-{ModemManager}(872)
           |                   |-{ModemManager}(873)
           |                   `-{ModemManager}(876)
           |-NetworkManager(878)-+-{NetworkManager}(884)
           |                     |-{NetworkManager}(886)
           |                     `-{NetworkManager}(887)
           |-accounts-daemon(804)-+-{accounts-daemon}(835)
           |                      |-{accounts-daemon}(836)
           |                      `-{accounts-daemon}(838)
           |-alsactl(832)
           |-at-spi-bus-laun(1187)-+-dbus-daemon(1197)
           |                       |-{at-spi-bus-laun}(1192)
           |                       |-{at-spi-bus-laun}(1193)
           |                       |-{at-spi-bus-laun}(1194)
           |                       `-{at-spi-bus-laun}(1196)
           |-at-spi2-registr(1261)-+-{at-spi2-registr}(1268)
           |                       |-{at-spi2-registr}(1271)
           |                       `-{at-spi2-registr}(1273)
           |-atd(916)
           |-auditd(753)-+-sedispatch(755)
           |             |-{auditd}(754)
           |             `-{auditd}(756)
           |-avahi-daemon(797)---avahi-daemon(813)
           |-chronyd(834)
           |-colord(1265)-+-{colord}(1308)
           |              |-{colord}(1309)
           |              `-{colord}(1311)
           |-crond(917)
           |-cupsd(899)
           |-dbus-broker-lau(770)---dbus-broker(796)
           |-firewalld(865)---{firewalld}(1030)
           |-gdm(918)-+-gdm-session-wor(938)-+-gdm-wayland-ses(1008)-+-dbus-run-sessio(1023)-+-dbus-daemon(1024)
           |          |                      |                       |                       `-gnome-session-b(1025)-+-gnome-shell(+
           |          |                      |                       |                                               |-gsd-a11y-set+
           |          |                      |                       |                                               |-gsd-color(14+
           |          |                      |                       |                                               |-gsd-datetime+
           |          |                      |                       |                                               |-gsd-housekee+
           |          |                      |                       |                                               |-gsd-keyboard+
           |          |                      |                       |                                               |-gsd-media-ke+
           |          |                      |                       |                                               |-gsd-power(15+
           |          |                      |                       |                                               |-gsd-print-no+
           |          |                      |                       |                                               |-gsd-rfkill(1+
           |          |                      |                       |                                               |-gsd-screensa+
           |          |                      |                       |                                               |-gsd-sharing(+
           |          |                      |                       |                                               |-gsd-smartcar+
           |          |                      |                       |                                               |-gsd-sound(14+
           |          |                      |                       |                                               |-gsd-wacom(14+
           |          |                      |                       |                                               |-{gnome-sessi+
           |          |                      |                       |                                               |-{gnome-sessi+
           |          |                      |                       |                                               |-{gnome-sessi+
           |          |                      |                       |                                               `-{gnome-sessi+
           |          |                      |                       |-{gdm-wayland-ses}(1011)
           |          |                      |                       |-{gdm-wayland-ses}(1012)
           |          |                      |                       `-{gdm-wayland-ses}(1022)
           |          |                      |-{gdm-session-wor}(941)
           |          |                      |-{gdm-session-wor}(942)
           |          |                      `-{gdm-session-wor}(944)
           |          |-{gdm}(927)
           |          |-{gdm}(928)
           |          `-{gdm}(929)
           |-gjs(1441)-+-{gjs}(1474)
           |           |-{gjs}(1475)
           |           |-{gjs}(1535)
           |           |-{gjs}(1556)
           |           `-{gjs}(1598)
           |-gjs(2023)-+-{gjs}(2037)
           |           |-{gjs}(2038)
           |           |-{gjs}(2044)
           |           |-{gjs}(2045)
           |           `-{gjs}(2049)
           |-gnome-keyring-d(2065)-+-{gnome-keyring-d}(2066)
           |                       |-{gnome-keyring-d}(2067)
           |                       |-{gnome-keyring-d}(2068)
           |                       `-{gnome-keyring-d}(2069)
           |-gsd-printer(1755)-+-{gsd-printer}(1782)
           |                   |-{gsd-printer}(1783)
           |                   `-{gsd-printer}(1789)
           |-ibus-portal(1836)-+-{ibus-portal}(1844)
           |                   |-{ibus-portal}(1845)
           |                   `-{ibus-portal}(1847)
           |-ibus-x11(1829)-+-{ibus-x11}(2043)
           |                |-{ibus-x11}(2046)
           |                `-{ibus-x11}(2048)
           |-lsmd(800)
           |-mcelog(801)
           |-polkitd(802)-+-{polkitd}(847)
           |              |-{polkitd}(848)
           |              `-{polkitd}(849)
           |-rsyslogd(1052)-+-{rsyslogd}(1082)
           |                `-{rsyslogd}(1083)
           |-rtkit-daemon(803)-+-{rtkit-daemon}(824)
           |                   `-{rtkit-daemon}(825)
           |-sh(4515)---node(4519)-+-node(4641)-+-node(4927)-+-{node}(4929)
           |                       |            |            |-{node}(4930)
           |                       |            |            |-{node}(4931)
           |                       |            |            |-{node}(4932)
           |                       |            |            |-{node}(4933)
           |                       |            |            |-{node}(4937)
           |                       |            |            |-{node}(4962)
           |                       |            |            |-{node}(4963)
           |                       |            |            |-{node}(4964)
           |                       |            |            |-{node}(4965)
           |                       |            |            |-{node}(4966)
           |                       |            |            `-{node}(4967)
           |                       |            |-pet(4775)
           |                       |            |-{node}(4642)
           |                       |            |-{node}(4643)
           |                       |            |-{node}(4644)
           |                       |            |-{node}(4645)
           |                       |            |-{node}(4646)
           |                       |            |-{node}(4647)
           |                       |            |-{node}(4648)
           |                       |            |-{node}(4649)
           |                       |            |-{node}(4650)
           |                       |            |-{node}(4651)
           |                       |            |-{node}(4679)
           |                       |            `-{node}(4700)
           |                       |-node(4652)-+-{node}(4653)
           |                       |            |-{node}(4654)
           |                       |            |-{node}(4655)
           |                       |            |-{node}(4656)
           |                       |            |-{node}(4657)
           |                       |            |-{node}(4658)
           |                       |            |-{node}(4659)
           |                       |            |-{node}(4660)
           |                       |            |-{node}(4661)
           |                       |            |-{node}(4662)
           |                       |            |-{node}(4675)
           |                       |            `-{node}(4676)
           |                       |-node(4663)-+-bash(4696)
           |                       |            |-bash(4880)
           |                       |            |-bash(6433)
           |                       |            |-{node}(4664)
           |                       |            |-{node}(4665)
           |                       |            |-{node}(4666)
           |                       |            |-{node}(4667)
           |                       |            |-{node}(4668)
           |                       |            |-{node}(4669)
           |                       |            |-{node}(4670)
           |                       |            |-{node}(4672)
           |                       |            |-{node}(4673)
           |                       |            |-{node}(4674)
           |                       |            |-{node}(4698)
           |                       |            |-{node}(4881)
           |                       |            `-{node}(6434)
           |                       |-node(6223)-+-node(6477)-+-{node}(6479)
           |                       |            |            |-{node}(6480)
           |                       |            |            |-{node}(6481)
           |                       |            |            |-{node}(6482)
           |                       |            |            |-{node}(6483)
           |                       |            |            |-{node}(6486)
           |                       |            |            |-{node}(6515)
           |                       |            |            |-{node}(6516)
           |                       |            |            |-{node}(6517)
           |                       |            |            |-{node}(6518)
           |                       |            |            |-{node}(6519)
           |                       |            |            `-{node}(6520)
           |                       |            |-pet(6323)
           |                       |            |-{node}(6226)
           |                       |            |-{node}(6228)
           |                       |            |-{node}(6229)
           |                       |            |-{node}(6230)
           |                       |            |-{node}(6231)
           |                       |            |-{node}(6237)
           |                       |            |-{node}(6238)
           |                       |            |-{node}(6239)
           |                       |            |-{node}(6240)
           |                       |            |-{node}(6241)
           |                       |            |-{node}(6266)
           |                       |            `-{node}(6269)
           |                       |-node(6225)-+-{node}(6227)
           |                       |            |-{node}(6232)
           |                       |            |-{node}(6233)
           |                       |            |-{node}(6234)
           |                       |            |-{node}(6235)
           |                       |            |-{node}(6236)
           |                       |            |-{node}(6242)
           |                       |            |-{node}(6243)
           |                       |            |-{node}(6244)
           |                       |            |-{node}(6245)
           |                       |            |-{node}(6248)
           |                       |            `-{node}(6249)
           |                       |-{node}(4520)
           |                       |-{node}(4521)
           |                       |-{node}(4522)
           |                       |-{node}(4523)
           |                       |-{node}(4524)
           |                       |-{node}(4525)
           |                       |-{node}(4526)
           |                       |-{node}(4527)
           |                       |-{node}(4528)
           |                       `-{node}(4529)
           |-sh(6068)-+-code-488a1f2392(6108)---{code-488a1f2392}(6115)
           |          `-sleep(6156)
           |-sshd(900)-+-sshd-session(4381)---sshd-session(4404)---bash(4405)
           |           |-sshd-session(6028)---sshd-session(6032)---bash(6033)---pstree(6545)
           |           `-sshd-session(6158)---sshd-session(6161)---sh(6162)-+-code-488a1f2392(6202)-+-sh(6287)
           |                                                                |                       `-{code-488a1f2392}(6208)
           |                                                                `-sleep(6222)
           |-switcheroo-cont(805)-+-{switcheroo-cont}(826)
           |                      |-{switcheroo-cont}(827)
           |                      `-{switcheroo-cont}(831)
           |-systemd(956)-+-(sd-pam)(963)
           |              |-dbus-broker-lau(1013)---dbus-broker(1021)
           |              |-pipewire(1878)-+-{pipewire}(1893)
           |              |                `-{pipewire}(1899)
           |              |-pipewire-pulse(1881)-+-{pipewire-pulse}(1894)
           |              |                      `-{pipewire-pulse}(1898)
           |              `-wireplumber(1879)-+-{wireplumber}(1895)
           |                                  |-{wireplumber}(1897)
           |                                  |-{wireplumber}(1902)
           |                                  |-{wireplumber}(1913)
           |                                  `-{wireplumber}(1916)
           |-systemd(4387)---(sd-pam)(4389)
           |-systemd-journal(624)
           |-systemd-logind(807)
           |-systemd-udevd(674)
           |-systemd-userdbd(641)-+-systemd-userwor(6024)
           |                      |-systemd-userwor(6026)
           |                      `-systemd-userwor(6027)
           |-tuned(902)-+-{tuned}(991)
           |            |-{tuned}(999)
           |            `-{tuned}(1018)
           |-tuned-ppd(1016)-+-{tuned-ppd}(1043)
           |                 |-{tuned-ppd}(1044)
           |                 `-{tuned-ppd}(1045)
           |-udisksd(808)-+-{udisksd}(821)
           |              |-{udisksd}(822)
           |              |-{udisksd}(829)
           |              |-{udisksd}(866)
           |              |-{udisksd}(867)
           |              `-{udisksd}(869)
           |-upowerd(809)-+-{upowerd}(839)
           |              |-{upowerd}(840)
           |              `-{upowerd}(841)
           |-wpa_supplicant(1915)
           |-xdg-desktop-por(1952)-+-{xdg-desktop-por}(1957)
           |                       |-{xdg-desktop-por}(1958)
           |                       |-{xdg-desktop-por}(1959)
           |                       |-{xdg-desktop-por}(2054)
           |                       `-{xdg-desktop-por}(2063)
           |-xdg-desktop-por(1984)-+-{xdg-desktop-por}(1994)
           |                       |-{xdg-desktop-por}(1995)
           |                       |-{xdg-desktop-por}(1996)
           |                       |-{xdg-desktop-por}(2012)
           |                       `-{xdg-desktop-por}(2050)
           |-xdg-desktop-por(2056)-+-{xdg-desktop-por}(2057)
           |                       |-{xdg-desktop-por}(2058)
           |                       |-{xdg-desktop-por}(2060)
           |                       `-{xdg-desktop-por}(2061)
           |-xdg-document-po(1964)-+-fusermount3(1979)
           |                       |-{xdg-document-po}(1972)
           |                       |-{xdg-document-po}(1973)
           |                       |-{xdg-document-po}(1974)
           |                       |-{xdg-document-po}(1978)
           |                       |-{xdg-document-po}(1981)
           |                       `-{xdg-document-po}(1982)
           `-xdg-permission-(1429)-+-{xdg-permission-}(1430)
                                   |-{xdg-permission-}(1431)
                                   `-{xdg-permission-}(1433)
