execve("/usr/bin/java", ["java", "Hello"], 0x7fff28bc3b08 /* 32 vars */) = 0
brk(NULL)                               = 0x55803b1f3000
mmap(NULL, 8192, PROT_READ|PROT_WRITE, MAP_PRIVATE|MAP_ANONYMOUS, -1, 0) = 0x7f970814d000
readlinkat(AT_FDCWD, "/proc/self/exe", "/usr/lib/jvm/java-21-openjdk/bin"..., 4096) = 37
access("/etc/ld.so.preload", R_OK)      = -1 ENOENT (そのようなファイルやディレクトリはありません)
openat(AT_FDCWD, "/usr/lib/jvm/java-21-openjdk/bin/glibc-hwcaps/x86-64-v3/libjli.so", O_RDONLY|O_CLOEXEC) = -1 ENOENT (そのようなファイルやディレクトリはありません)
newfstatat(AT_FDCWD, "/usr/lib/jvm/java-21-openjdk/bin/glibc-hwcaps/x86-64-v3/", 0x7ffe06d32c60, 0) = -1 ENOENT (そのようなファイルやディレクトリはありません)
openat(AT_FDCWD, "/usr/lib/jvm/java-21-openjdk/bin/glibc-hwcaps/x86-64-v2/libjli.so", O_RDONLY|O_CLOEXEC) = -1 ENOENT (そのようなファイルやディレクトリはありません)
newfstatat(AT_FDCWD, "/usr/lib/jvm/java-21-openjdk/bin/glibc-hwcaps/x86-64-v2/", 0x7ffe06d32c60, 0) = -1 ENOENT (そのようなファイルやディレクトリはありません)
openat(AT_FDCWD, "/usr/lib/jvm/java-21-openjdk/bin/libjli.so", O_RDONLY|O_CLOEXEC) = -1 ENOENT (そのようなファイルやディレクトリはありません)
newfstatat(AT_FDCWD, "/usr/lib/jvm/java-21-openjdk/bin/", {st_mode=S_IFDIR|0755, st_size=4096, ...}, 0) = 0
openat(AT_FDCWD, "/usr/lib/jvm/java-21-openjdk/bin/../lib/glibc-hwcaps/x86-64-v3/libjli.so", O_RDONLY|O_CLOEXEC) = -1 ENOENT (そのようなファイルやディレクトリはありません)
newfstatat(AT_FDCWD, "/usr/lib/jvm/java-21-openjdk/bin/../lib/glibc-hwcaps/x86-64-v3/", 0x7ffe06d32c60, 0) = -1 ENOENT (そのようなファイルやディレクトリはありません)
openat(AT_FDCWD, "/usr/lib/jvm/java-21-openjdk/bin/../lib/glibc-hwcaps/x86-64-v2/libjli.so", O_RDONLY|O_CLOEXEC) = -1 ENOENT (そのようなファイルやディレクトリはありません)
newfstatat(AT_FDCWD, "/usr/lib/jvm/java-21-openjdk/bin/../lib/glibc-hwcaps/x86-64-v2/", 0x7ffe06d32c60, 0) = -1 ENOENT (そのようなファイルやディレクトリはありません)
openat(AT_FDCWD, "/usr/lib/jvm/java-21-openjdk/bin/../lib/libjli.so", O_RDONLY|O_CLOEXEC) = 3
read(3, "\177ELF\2\1\1\0\0\0\0\0\0\0\0\0\3\0>\0\1\0\0\0\0)\0\0\0\0\0\0"..., 832) = 832
fstat(3, {st_mode=S_IFREG|0755, st_size=139240, ...}) = 0
mmap(NULL, 4297000, PROT_NONE, MAP_PRIVATE|MAP_ANONYMOUS|MAP_DENYWRITE, -1, 0) = 0x7f9707d33000
mmap(0x7f9707e00000, 2199848, PROT_READ|PROT_EXEC, MAP_PRIVATE|MAP_FIXED|MAP_DENYWRITE, 3, 0) = 0x7f9707e00000
munmap(0x7f9707d33000, 839680)          = 0
munmap(0x7f970801a000, 1253672)         = 0
mprotect(0x7f9707e19000, 2093056, PROT_NONE) = 0
mmap(0x7f9708018000, 8192, PROT_READ|PROT_WRITE, MAP_PRIVATE|MAP_FIXED|MAP_DENYWRITE, 3, 0x18000) = 0x7f9708018000
close(3)                                = 0
openat(AT_FDCWD, "/usr/lib/jvm/java-21-openjdk/bin/libpthread.so.0", O_RDONLY|O_CLOEXEC) = -1 ENOENT (そのようなファイルやディレクトリはありません)
openat(AT_FDCWD, "/usr/lib/jvm/java-21-openjdk/bin/../lib/libpthread.so.0", O_RDONLY|O_CLOEXEC) = -1 ENOENT (そのようなファイルやディレクトリはありません)
openat(AT_FDCWD, "/etc/ld.so.cache", O_RDONLY|O_CLOEXEC) = 3
fstat(3, {st_mode=S_IFREG|0644, st_size=41015, ...}) = 0
mmap(NULL, 41015, PROT_READ, MAP_PRIVATE, 3, 0) = 0x7f9708142000
close(3)                                = 0
openat(AT_FDCWD, "/lib64/libpthread.so.0", O_RDONLY|O_CLOEXEC) = 3
read(3, "\177ELF\2\1\1\0\0\0\0\0\0\0\0\0\3\0>\0\1\0\0\0\0\0\0\0\0\0\0\0"..., 832) = 832
fstat(3, {st_mode=S_IFREG|0755, st_size=15504, ...}) = 0
mmap(NULL, 16392, PROT_READ, MAP_PRIVATE|MAP_DENYWRITE, 3, 0) = 0x7f970813d000
mmap(0x7f970813e000, 4096, PROT_READ|PROT_EXEC, MAP_PRIVATE|MAP_FIXED|MAP_DENYWRITE, 3, 0x1000) = 0x7f970813e000
mmap(0x7f970813f000, 4096, PROT_READ, MAP_PRIVATE|MAP_FIXED|MAP_DENYWRITE, 3, 0x2000) = 0x7f970813f000
mmap(0x7f9708140000, 4096, PROT_READ|PROT_WRITE, MAP_PRIVATE|MAP_FIXED|MAP_DENYWRITE, 3, 0x2000) = 0x7f9708140000
mmap(0x7f9708141000, 8, PROT_READ|PROT_WRITE, MAP_PRIVATE|MAP_FIXED|MAP_ANONYMOUS, -1, 0) = 0x7f9708141000
close(3)                                = 0
openat(AT_FDCWD, "/usr/lib/jvm/java-21-openjdk/bin/libdl.so.2", O_RDONLY|O_CLOEXEC) = -1 ENOENT (そのようなファイルやディレクトリはありません)
openat(AT_FDCWD, "/usr/lib/jvm/java-21-openjdk/bin/../lib/libdl.so.2", O_RDONLY|O_CLOEXEC) = -1 ENOENT (そのようなファイルやディレクトリはありません)
openat(AT_FDCWD, "/lib64/libdl.so.2", O_RDONLY|O_CLOEXEC) = 3
read(3, "\177ELF\2\1\1\0\0\0\0\0\0\0\0\0\3\0>\0\1\0\0\0\0\0\0\0\0\0\0\0"..., 832) = 832
fstat(3, {st_mode=S_IFREG|0755, st_size=15488, ...}) = 0
mmap(NULL, 16392, PROT_READ, MAP_PRIVATE|MAP_DENYWRITE, 3, 0) = 0x7f9708138000
mmap(0x7f9708139000, 4096, PROT_READ|PROT_EXEC, MAP_PRIVATE|MAP_FIXED|MAP_DENYWRITE, 3, 0x1000) = 0x7f9708139000
mmap(0x7f970813a000, 4096, PROT_READ, MAP_PRIVATE|MAP_FIXED|MAP_DENYWRITE, 3, 0x2000) = 0x7f970813a000
mmap(0x7f970813b000, 4096, PROT_READ|PROT_WRITE, MAP_PRIVATE|MAP_FIXED|MAP_DENYWRITE, 3, 0x2000) = 0x7f970813b000
mmap(0x7f970813c000, 8, PROT_READ|PROT_WRITE, MAP_PRIVATE|MAP_FIXED|MAP_ANONYMOUS, -1, 0) = 0x7f970813c000
close(3)                                = 0
openat(AT_FDCWD, "/usr/lib/jvm/java-21-openjdk/bin/libc.so.6", O_RDONLY|O_CLOEXEC) = -1 ENOENT (そのようなファイルやディレクトリはありません)
openat(AT_FDCWD, "/usr/lib/jvm/java-21-openjdk/bin/../lib/libc.so.6", O_RDONLY|O_CLOEXEC) = -1 ENOENT (そのようなファイルやディレクトリはありません)
openat(AT_FDCWD, "/lib64/libc.so.6", O_RDONLY|O_CLOEXEC) = 3
read(3, "\177ELF\2\1\1\3\0\0\0\0\0\0\0\0\3\0>\0\1\0\0\0 \245\2\0\0\0\0\0"..., 832) = 832
pread64(3, "\6\0\0\0\4\0\0\0@\0\0\0\0\0\0\0@\0\0\0\0\0\0\0@\0\0\0\0\0\0\0"..., 784, 64) = 784
fstat(3, {st_mode=S_IFREG|0755, st_size=2343680, ...}) = 0
pread64(3, "\6\0\0\0\4\0\0\0@\0\0\0\0\0\0\0@\0\0\0\0\0\0\0@\0\0\0\0\0\0\0"..., 784, 64) = 784
mmap(NULL, 1940464, PROT_READ, MAP_PRIVATE|MAP_DENYWRITE, 3, 0) = 0x7f9707c26000
mmap(0x7f9707c4e000, 1404928, PROT_READ|PROT_EXEC, MAP_PRIVATE|MAP_FIXED|MAP_DENYWRITE, 3, 0x28000) = 0x7f9707c4e000
mmap(0x7f9707da5000, 315392, PROT_READ, MAP_PRIVATE|MAP_FIXED|MAP_DENYWRITE, 3, 0x17f000) = 0x7f9707da5000
mmap(0x7f9707df2000, 24576, PROT_READ|PROT_WRITE, MAP_PRIVATE|MAP_FIXED|MAP_DENYWRITE, 3, 0x1cb000) = 0x7f9707df2000
mmap(0x7f9707df8000, 31728, PROT_READ|PROT_WRITE, MAP_PRIVATE|MAP_FIXED|MAP_ANONYMOUS, -1, 0) = 0x7f9707df8000
close(3)                                = 0
mmap(NULL, 8192, PROT_READ|PROT_WRITE, MAP_PRIVATE|MAP_ANONYMOUS, -1, 0) = 0x7f9708136000
arch_prctl(ARCH_SET_FS, 0x7f9708136c40) = 0
set_tid_address(0x7f9708136f10)         = 4689
set_robust_list(0x7f9708136f20, 24)     = 0
rseq(0x7f9708137560, 0x20, 0, 0x53053053) = 0
mprotect(0x7f9707df2000, 16384, PROT_READ) = 0
mprotect(0x7f970813b000, 4096, PROT_READ) = 0
mprotect(0x7f9708140000, 4096, PROT_READ) = 0
mprotect(0x7f9708018000, 4096, PROT_READ) = 0
mprotect(0x558032401000, 4096, PROT_READ) = 0
mprotect(0x7f9708186000, 8192, PROT_READ) = 0
prlimit64(0, RLIMIT_STACK, NULL, {rlim_cur=8192*1024, rlim_max=RLIM64_INFINITY}) = 0
munmap(0x7f9708142000, 41015)           = 0
getrandom("\x1a\x2d\x0b\x32\x37\xc2\x3a\x76", 8, GRND_NONBLOCK) = 8
brk(NULL)                               = 0x55803b1f3000
brk(0x55803b214000)                     = 0x55803b214000
readlink("/proc/self/exe", "/usr/lib/jvm/java-21-openjdk/bin"..., 4096) = 37
access("/usr/lib/jvm/java-21-openjdk/lib/libjava.so", F_OK) = 0
openat(AT_FDCWD, "/usr/lib/jvm/java-21-openjdk/lib/jvm.cfg", O_RDONLY) = 3
fstat(3, {st_mode=S_IFREG|0644, st_size=29, ...}) = 0
read(3, "-server KNOWN\n-client IGNORE\n", 4096) = 29
read(3, "", 4096)                       = 0
close(3)                                = 0
stat("/usr/lib/jvm/java-21-openjdk/lib/server/libjvm.so", {st_mode=S_IFREG|0755, st_size=36190832, ...}) = 0
openat(AT_FDCWD, "/usr/lib/jvm/java-21-openjdk/lib/server/libjvm.so", O_RDONLY|O_CLOEXEC) = 3
read(3, "\177ELF\2\1\1\3\0\0\0\0\0\0\0\0\3\0>\0\1\0\0\0\220G*\0\0\0\0\0"..., 832) = 832
fstat(3, {st_mode=S_IFREG|0755, st_size=36190832, ...}) = 0
mmap(NULL, 26511488, PROT_NONE, MAP_PRIVATE|MAP_ANONYMOUS|MAP_DENYWRITE, -1, 0) = 0x7f97062dd000
mmap(0x7f9706400000, 24414336, PROT_READ|PROT_EXEC, MAP_PRIVATE|MAP_FIXED|MAP_DENYWRITE, 3, 0) = 0x7f9706400000
munmap(0x7f97062dd000, 1191936)         = 0
munmap(0x7f9707b49000, 903296)          = 0
mprotect(0x7f97077df000, 2093056, PROT_NONE) = 0
mmap(0x7f97079de000, 1069056, PROT_READ|PROT_WRITE, MAP_PRIVATE|MAP_FIXED|MAP_DENYWRITE, 3, 0x13de000) = 0x7f97079de000
mmap(0x7f9707ae3000, 415872, PROT_READ|PROT_WRITE, MAP_PRIVATE|MAP_FIXED|MAP_ANONYMOUS, -1, 0) = 0x7f9707ae3000
close(3)                                = 0
openat(AT_FDCWD, "/usr/lib/jvm/java-21-openjdk/bin/librt.so.1", O_RDONLY|O_CLOEXEC) = -1 ENOENT (そのようなファイルやディレクトリはありません)
openat(AT_FDCWD, "/usr/lib/jvm/java-21-openjdk/bin/../lib/librt.so.1", O_RDONLY|O_CLOEXEC) = -1 ENOENT (そのようなファイルやディレクトリはありません)
openat(AT_FDCWD, "/etc/ld.so.cache", O_RDONLY|O_CLOEXEC) = 3
fstat(3, {st_mode=S_IFREG|0644, st_size=41015, ...}) = 0
mmap(NULL, 41015, PROT_READ, MAP_PRIVATE, 3, 0) = 0x7f9708142000
close(3)                                = 0
openat(AT_FDCWD, "/lib64/librt.so.1", O_RDONLY|O_CLOEXEC) = 3
read(3, "\177ELF\2\1\1\0\0\0\0\0\0\0\0\0\3\0>\0\1\0\0\0\0\0\0\0\0\0\0\0"..., 832) = 832
fstat(3, {st_mode=S_IFREG|0755, st_size=15640, ...}) = 0
mmap(NULL, 16392, PROT_READ, MAP_PRIVATE|MAP_DENYWRITE, 3, 0) = 0x7f9708131000
mmap(0x7f9708132000, 4096, PROT_READ|PROT_EXEC, MAP_PRIVATE|MAP_FIXED|MAP_DENYWRITE, 3, 0x1000) = 0x7f9708132000
mmap(0x7f9708133000, 4096, PROT_READ, MAP_PRIVATE|MAP_FIXED|MAP_DENYWRITE, 3, 0x2000) = 0x7f9708133000
mmap(0x7f9708134000, 4096, PROT_READ|PROT_WRITE, MAP_PRIVATE|MAP_FIXED|MAP_DENYWRITE, 3, 0x2000) = 0x7f9708134000
mmap(0x7f9708135000, 8, PROT_READ|PROT_WRITE, MAP_PRIVATE|MAP_FIXED|MAP_ANONYMOUS, -1, 0) = 0x7f9708135000
close(3)                                = 0
openat(AT_FDCWD, "/usr/lib/jvm/java-21-openjdk/bin/libm.so.6", O_RDONLY|O_CLOEXEC) = -1 ENOENT (そのようなファイルやディレクトリはありません)
openat(AT_FDCWD, "/usr/lib/jvm/java-21-openjdk/bin/../lib/libm.so.6", O_RDONLY|O_CLOEXEC) = -1 ENOENT (そのようなファイルやディレクトリはありません)
openat(AT_FDCWD, "/lib64/libm.so.6", O_RDONLY|O_CLOEXEC) = 3
read(3, "\177ELF\2\1\1\3\0\0\0\0\0\0\0\0\3\0>\0\1\0\0\0\0\0\0\0\0\0\0\0"..., 832) = 832
fstat(3, {st_mode=S_IFREG|0755, st_size=712456, ...}) = 0
mmap(NULL, 700432, PROT_READ, MAP_PRIVATE|MAP_DENYWRITE, 3, 0) = 0x7f9708085000
mmap(0x7f9708095000, 413696, PROT_READ|PROT_EXEC, MAP_PRIVATE|MAP_FIXED|MAP_DENYWRITE, 3, 0x10000) = 0x7f9708095000
mmap(0x7f97080fa000, 217088, PROT_READ, MAP_PRIVATE|MAP_FIXED|MAP_DENYWRITE, 3, 0x75000) = 0x7f97080fa000
mmap(0x7f970812f000, 8192, PROT_READ|PROT_WRITE, MAP_PRIVATE|MAP_FIXED|MAP_DENYWRITE, 3, 0xa9000) = 0x7f970812f000
close(3)                                = 0
mprotect(0x7f970812f000, 4096, PROT_READ) = 0
mprotect(0x7f9708134000, 4096, PROT_READ) = 0
mprotect(0x7f97079de000, 872448, PROT_READ) = 0
getpid()                                = 4689
brk(0x55803b239000)                     = 0x55803b239000
munmap(0x7f9708142000, 41015)           = 0
rt_sigaction(SIGRT_1, {sa_handler=0x7f9707cbb410, sa_mask=[], sa_flags=SA_RESTORER|SA_ONSTACK|SA_RESTART|SA_SIGINFO, sa_restorer=0x7f9707c67070}, NULL, 8) = 0
rt_sigprocmask(SIG_UNBLOCK, [RTMIN RT_1], NULL, 8) = 0
mmap(NULL, 1048576, PROT_READ|PROT_WRITE, MAP_PRIVATE|MAP_ANONYMOUS|MAP_STACK, -1, 0) = 0x7f9706300000
rt_sigprocmask(SIG_BLOCK, ~[], [], 8)   = 0
clone3({flags=CLONE_VM|CLONE_FS|CLONE_FILES|CLONE_SIGHAND|CLONE_THREAD|CLONE_SYSVSEM|CLONE_SETTLS|CLONE_PARENT_SETTID|CLONE_CHILD_CLEARTID, child_tid=0x7f97063ff990, parent_tid=0x7f97063ff990, exit_signal=0, stack=0x7f9706300000, stack_size=0xfef80, tls=0x7f97063ff6c0} => {parent_tid=[4690]}, 88) = 4690
rt_sigprocmask(SIG_SETMASK, [], NULL, 8) = 0
futex(0x7f97063ff990, FUTEX_WAIT_BITSET|FUTEX_CLOCK_REALTIME, 4690, NULL, FUTEX_BITSET_MATCH_ANY) = 0
exit_group(0)                           = ?
+++ exited with 0 +++
