systemd(1)-+-ModemManager(864)-+-{ModemManager}(872)
           |                   |-{ModemManager}(873)
           |                   `-{ModemManager}(876)
           |-NetworkManager(878)-+-{NetworkManager}(884)
           |                     |-{NetworkManager}(886)
           |                     `-{NetworkManager}(887)
           |-accounts-daemon(804)-+-{accounts-daemon}(835)
           |                      |-{accounts-daemon}(836)
           |                      `-{accounts-daemon}(838)
           |-alsactl(832)
           |-at-spi-bus-laun(1187)-+-dbus-daemon(1197)
           |                       |-{at-spi-bus-laun}(1192)
           |                       |-{at-spi-bus-laun}(1193)
           |                       |-{at-spi-bus-laun}(1194)
           |                       `-{at-spi-bus-laun}(1196)
           |-at-spi2-registr(1261)-+-{at-spi2-registr}(1268)
           |                       |-{at-spi2-registr}(1271)
           |                       `-{at-spi2-registr}(1273)
           |-atd(916)
           |-auditd(753)-+-sedispatch(755)
           |             |-{auditd}(754)
           |             `-{auditd}(756)
           |-avahi-daemon(797)---avahi-daemon(813)
           |-chronyd(834)
           |-colord(1265)-+-{colord}(1308)
           |              |-{colord}(1309)
           |              `-{colord}(1311)
           |-crond(917)
           |-cupsd(899)
           |-dbus-broker-lau(770)---dbus-broker(796)
           |-firewalld(865)---{firewalld}(1030)
           |-gdm(918)-+-gdm-session-wor(938)-+-gdm-wayland-ses(1008)-+-dbus-run-sessio(1023)-+-dbus-daemon(1024)
           |          |                      |                       |                       `-gnome-session-b(1025)-+-gnome-shell(+
           |          |                      |                       |                                               |-gsd-a11y-set+
           |          |                      |                       |                                               |-gsd-color(14+
           |          |                      |                       |                                               |-gsd-datetime+
           |          |                      |                       |                                               |-gsd-housekee+
           |          |                      |                       |                                               |-gsd-keyboard+
           |          |                      |                       |                                               |-gsd-media-ke+
           |          |                      |                       |                                               |-gsd-power(15+
           |          |                      |                       |                                               |-gsd-print-no+
           |          |                      |                       |                                               |-gsd-rfkill(1+
           |          |                      |                       |                                               |-gsd-screensa+
           |          |                      |                       |                                               |-gsd-sharing(+
           |          |                      |                       |                                               |-gsd-smartcar+
           |          |                      |                       |                                               |-gsd-sound(14+
           |          |                      |                       |                                               |-gsd-wacom(14+
           |          |                      |                       |                                               |-{gnome-sessi+
           |          |                      |                       |                                               |-{gnome-sessi+
           |          |                      |                       |                                               |-{gnome-sessi+
           |          |                      |                       |                                               `-{gnome-sessi+
           |          |                      |                       |-{gdm-wayland-ses}(1011)
           |          |                      |                       |-{gdm-wayland-ses}(1012)
           |          |                      |                       `-{gdm-wayland-ses}(1022)
           |          |                      |-{gdm-session-wor}(941)
           |          |                      |-{gdm-session-wor}(942)
           |          |                      `-{gdm-session-wor}(944)
           |          |-{gdm}(927)
           |          |-{gdm}(928)
           |          `-{gdm}(929)
           |-gjs(1441)-+-{gjs}(1474)
           |           |-{gjs}(1475)
           |           |-{gjs}(1535)
           |           |-{gjs}(1556)
           |           `-{gjs}(1598)
           |-gjs(2023)-+-{gjs}(2037)
           |           |-{gjs}(2038)
           |           |-{gjs}(2044)
           |           |-{gjs}(2045)
           |           `-{gjs}(2049)
           |-gnome-keyring-d(2065)-+-{gnome-keyring-d}(2066)
           |                       |-{gnome-keyring-d}(2067)
           |                       |-{gnome-keyring-d}(2068)
           |                       `-{gnome-keyring-d}(2069)
           |-gsd-printer(1755)-+-{gsd-printer}(1782)
           |                   |-{gsd-printer}(1783)
           |                   `-{gsd-printer}(1789)
           |-ibus-portal(1836)-+-{ibus-portal}(1844)
           |                   |-{ibus-portal}(1845)
           |                   `-{ibus-portal}(1847)
           |-ibus-x11(1829)-+-{ibus-x11}(2043)
           |                |-{ibus-x11}(2046)
           |                `-{ibus-x11}(2048)
           |-lsmd(800)
           |-mcelog(801)
           |-packagekitd(13115)-+-{packagekitd}(13116)
           |                    |-{packagekitd}(13117)
           |                    `-{packagekitd}(13118)
           |-polkitd(802)-+-{polkitd}(847)
           |              |-{polkitd}(848)
           |              `-{polkitd}(849)
           |-rsyslogd(1052)-+-{rsyslogd}(1082)
           |                `-{rsyslogd}(1083)
           |-rtkit-daemon(803)-+-{rtkit-daemon}(824)
           |                   `-{rtkit-daemon}(825)
           |-sh(9864)---node(9868)-+-node(9975)-+-node(10261)-+-{node}(10262)
           |                       |            |             |-{node}(10263)
           |                       |            |             |-{node}(10264)
           |                       |            |             |-{node}(10265)
           |                       |            |             |-{node}(10266)
           |                       |            |             |-{node}(10273)
           |                       |            |             |-{node}(10338)
           |                       |            |             |-{node}(10339)
           |                       |            |             |-{node}(10340)
           |                       |            |             |-{node}(10341)
           |                       |            |             |-{node}(10342)
           |                       |            |             |-{node}(10343)
           |                       |            |             |-{node}(11910)
           |                       |            |             `-{node}(11911)
           |                       |            |-node(12153)-+-{node}(12158)
           |                       |            |             |-{node}(12159)
           |                       |            |             |-{node}(12160)
           |                       |            |             |-{node}(12161)
           |                       |            |             |-{node}(12162)
           |                       |            |             `-{node}(12163)
           |                       |            |-pet(10110)
           |                       |            |-{node}(9976)
           |                       |            |-{node}(9977)
           |                       |            |-{node}(9978)
           |                       |            |-{node}(9979)
           |                       |            |-{node}(9980)
           |                       |            |-{node}(9981)
           |                       |            |-{node}(9982)
           |                       |            |-{node}(9983)
           |                       |            |-{node}(9984)
           |                       |            |-{node}(9985)
           |                       |            |-{node}(10012)
           |                       |            `-{node}(10032)
           |                       |-node(9986)-+-{node}(9987)
           |                       |            |-{node}(9988)
           |                       |            |-{node}(9989)
           |                       |            |-{node}(9990)
           |                       |            |-{node}(9991)
           |                       |            |-{node}(9992)
           |                       |            |-{node}(9993)
           |                       |            |-{node}(9994)
           |                       |            |-{node}(9995)
           |                       |            |-{node}(9996)
           |                       |            |-{node}(10009)
           |                       |            `-{node}(10010)
           |                       |-node(9997)-+-bash(10216)
           |                       |            |-bash(10296)
           |                       |            |-{node}(9998)
           |                       |            |-{node}(9999)
           |                       |            |-{node}(10000)
           |                       |            |-{node}(10001)
           |                       |            |-{node}(10002)
           |                       |            |-{node}(10003)
           |                       |            |-{node}(10004)
           |                       |            |-{node}(10005)
           |                       |            |-{node}(10006)
           |                       |            |-{node}(10007)
           |                       |            |-{node}(10217)
           |                       |            `-{node}(10297)
           |                       |-{node}(9869)
           |                       |-{node}(9870)
           |                       |-{node}(9871)
           |                       |-{node}(9872)
           |                       |-{node}(9873)
           |                       |-{node}(9874)
           |                       |-{node}(9875)
           |                       |-{node}(9876)
           |                       |-{node}(9877)
           |                       `-{node}(9878)
           |-sshd(900)-+-sshd-session(11524)---sshd-session(11527)---sh(11528)-+-code-488a1f2392(11568)---{code-488a1f2392}(11581)
           |           |                                                       `-sleep(13160)
           |           `-sshd-session(11612)---sshd-session(11616)---bash(11617)---pstree(13171)
           |-switcheroo-cont(805)-+-{switcheroo-cont}(826)
           |                      |-{switcheroo-cont}(827)
           |                      `-{switcheroo-cont}(831)
           |-systemd(956)-+-(sd-pam)(963)
           |              |-dbus-broker-lau(1013)---dbus-broker(1021)
           |              |-pipewire(1878)-+-{pipewire}(1893)
           |              |                `-{pipewire}(1899)
           |              |-pipewire-pulse(1881)-+-{pipewire-pulse}(1894)
           |              |                      `-{pipewire-pulse}(1898)
           |              `-wireplumber(1879)-+-{wireplumber}(1895)
           |                                  |-{wireplumber}(1897)
           |                                  |-{wireplumber}(1902)
           |                                  |-{wireplumber}(1913)
           |                                  `-{wireplumber}(1916)
           |-systemd(9719)---(sd-pam)(9721)
           |-systemd-journal(624)
           |-systemd-logind(807)
           |-systemd-udevd(674)
           |-systemd-userdbd(641)-+-systemd-userwor(13026)
           |                      |-systemd-userwor(13088)
           |                      `-systemd-userwor(13089)
           |-tuned(902)-+-{tuned}(991)
           |            |-{tuned}(999)
           |            `-{tuned}(1018)
           |-tuned-ppd(1016)-+-{tuned-ppd}(1043)
           |                 |-{tuned-ppd}(1044)
           |                 `-{tuned-ppd}(1045)
           |-udisksd(808)-+-{udisksd}(821)
           |              |-{udisksd}(822)
           |              |-{udisksd}(829)
           |              |-{udisksd}(866)
           |              |-{udisksd}(867)
           |              `-{udisksd}(869)
           |-upowerd(809)-+-{upowerd}(839)
           |              |-{upowerd}(840)
           |              `-{upowerd}(841)
           |-wpa_supplicant(1915)
           |-xdg-desktop-por(1952)-+-{xdg-desktop-por}(1957)
           |                       |-{xdg-desktop-por}(1958)
           |                       |-{xdg-desktop-por}(1959)
           |                       |-{xdg-desktop-por}(2054)
           |                       `-{xdg-desktop-por}(2063)
           |-xdg-desktop-por(1984)-+-{xdg-desktop-por}(1994)
           |                       |-{xdg-desktop-por}(1995)
           |                       |-{xdg-desktop-por}(1996)
           |                       |-{xdg-desktop-por}(2012)
           |                       `-{xdg-desktop-por}(2050)
           |-xdg-desktop-por(2056)-+-{xdg-desktop-por}(2057)
           |                       |-{xdg-desktop-por}(2058)
           |                       |-{xdg-desktop-por}(2060)
           |                       `-{xdg-desktop-por}(2061)
           |-xdg-document-po(1964)-+-fusermount3(1979)
           |                       |-{xdg-document-po}(1972)
           |                       |-{xdg-document-po}(1973)
           |                       |-{xdg-document-po}(1974)
           |                       |-{xdg-document-po}(1978)
           |                       |-{xdg-document-po}(1981)
           |                       `-{xdg-document-po}(1982)
           `-xdg-permission-(1429)-+-{xdg-permission-}(1430)
                                   |-{xdg-permission-}(1431)
                                   `-{xdg-permission-}(1433)
