execve("/usr/bin/ls", ["ls"], 0x7ffda178eca0 /* 32 vars */) = 0
brk(NULL)                               = 0x5570070a6000
access("/etc/ld.so.preload", R_OK)      = -1 ENOENT (そのようなファイルやディレクトリはありません)
openat(AT_FDCWD, "/etc/ld.so.cache", O_RDONLY|O_CLOEXEC) = 3
fstat(3, {st_mode=S_IFREG|0644, st_size=41535, ...}) = 0
mmap(NULL, 41535, PROT_READ, MAP_PRIVATE, 3, 0) = 0x7fe9af41d000
close(3)                                = 0
mmap(NULL, 8192, PROT_READ|PROT_WRITE, MAP_PRIVATE|MAP_ANONYMOUS, -1, 0) = 0x7fe9af41b000
openat(AT_FDCWD, "/lib64/libselinux.so.1", O_RDONLY|O_CLOEXEC) = 3
read(3, "\177ELF\2\1\1\0\0\0\0\0\0\0\0\0\3\0>\0\1\0\0\0\0\0\0\0\0\0\0\0"..., 832) = 832
fstat(3, {st_mode=S_IFREG|0755, st_size=200616, ...}) = 0
mmap(NULL, 202368, PROT_READ, MAP_PRIVATE|MAP_DENYWRITE, 3, 0) = 0x7fe9af3e9000
mmap(0x7fe9af3f0000, 131072, PROT_READ|PROT_EXEC, MAP_PRIVATE|MAP_FIXED|MAP_DENYWRITE, 3, 0x7000) = 0x7fe9af3f0000
mmap(0x7fe9af410000, 28672, PROT_READ, MAP_PRIVATE|MAP_FIXED|MAP_DENYWRITE, 3, 0x27000) = 0x7fe9af410000
mmap(0x7fe9af417000, 8192, PROT_READ|PROT_WRITE, MAP_PRIVATE|MAP_FIXED|MAP_DENYWRITE, 3, 0x2e000) = 0x7fe9af417000
mmap(0x7fe9af419000, 5760, PROT_READ|PROT_WRITE, MAP_PRIVATE|MAP_FIXED|MAP_ANONYMOUS, -1, 0) = 0x7fe9af419000
close(3)                                = 0
openat(AT_FDCWD, "/lib64/libcap.so.2", O_RDONLY|O_CLOEXEC) = 3
read(3, "\177ELF\2\1\1\0\0\0\0\0\0\0\0\0\3\0>\0\1\0\0\0\240\203\0\0\0\0\0\0"..., 832) = 832
fstat(3, {st_mode=S_IFREG|0755, st_size=49048, ...}) = 0
mmap(NULL, 49224, PROT_READ, MAP_PRIVATE|MAP_DENYWRITE, 3, 0) = 0x7fe9af3dc000
mmap(0x7fe9af3df000, 24576, PROT_READ|PROT_EXEC, MAP_PRIVATE|MAP_FIXED|MAP_DENYWRITE, 3, 0x3000) = 0x7fe9af3df000
mmap(0x7fe9af3e5000, 8192, PROT_READ, MAP_PRIVATE|MAP_FIXED|MAP_DENYWRITE, 3, 0x9000) = 0x7fe9af3e5000
mmap(0x7fe9af3e7000, 8192, PROT_READ|PROT_WRITE, MAP_PRIVATE|MAP_FIXED|MAP_DENYWRITE, 3, 0xa000) = 0x7fe9af3e7000
close(3)                                = 0
openat(AT_FDCWD, "/lib64/libc.so.6", O_RDONLY|O_CLOEXEC) = 3
read(3, "\177ELF\2\1\1\3\0\0\0\0\0\0\0\0\3\0>\0\1\0\0\0 \245\2\0\0\0\0\0"..., 832) = 832
pread64(3, "\6\0\0\0\4\0\0\0@\0\0\0\0\0\0\0@\0\0\0\0\0\0\0@\0\0\0\0\0\0\0"..., 784, 64) = 784
fstat(3, {st_mode=S_IFREG|0755, st_size=2343680, ...}) = 0
pread64(3, "\6\0\0\0\4\0\0\0@\0\0\0\0\0\0\0@\0\0\0\0\0\0\0@\0\0\0\0\0\0\0"..., 784, 64) = 784
mmap(NULL, 1940464, PROT_READ, MAP_PRIVATE|MAP_DENYWRITE, 3, 0) = 0x7fe9af202000
mmap(0x7fe9af22a000, 1404928, PROT_READ|PROT_EXEC, MAP_PRIVATE|MAP_FIXED|MAP_DENYWRITE, 3, 0x28000) = 0x7fe9af22a000
mmap(0x7fe9af381000, 315392, PROT_READ, MAP_PRIVATE|MAP_FIXED|MAP_DENYWRITE, 3, 0x17f000) = 0x7fe9af381000
mmap(0x7fe9af3ce000, 24576, PROT_READ|PROT_WRITE, MAP_PRIVATE|MAP_FIXED|MAP_DENYWRITE, 3, 0x1cb000) = 0x7fe9af3ce000
mmap(0x7fe9af3d4000, 31728, PROT_READ|PROT_WRITE, MAP_PRIVATE|MAP_FIXED|MAP_ANONYMOUS, -1, 0) = 0x7fe9af3d4000
close(3)                                = 0
openat(AT_FDCWD, "/lib64/libpcre2-8.so.0", O_RDONLY|O_CLOEXEC) = 3
read(3, "\177ELF\2\1\1\0\0\0\0\0\0\0\0\0\3\0>\0\1\0\0\0\0\0\0\0\0\0\0\0"..., 832) = 832
fstat(3, {st_mode=S_IFREG|0755, st_size=653280, ...}) = 0
mmap(NULL, 651512, PROT_READ, MAP_PRIVATE|MAP_DENYWRITE, 3, 0) = 0x7fe9af162000
mmap(0x7fe9af164000, 471040, PROT_READ|PROT_EXEC, MAP_PRIVATE|MAP_FIXED|MAP_DENYWRITE, 3, 0x2000) = 0x7fe9af164000
mmap(0x7fe9af1d7000, 167936, PROT_READ, MAP_PRIVATE|MAP_FIXED|MAP_DENYWRITE, 3, 0x75000) = 0x7fe9af1d7000
mmap(0x7fe9af200000, 8192, PROT_READ|PROT_WRITE, MAP_PRIVATE|MAP_FIXED|MAP_DENYWRITE, 3, 0x9d000) = 0x7fe9af200000
close(3)                                = 0
mmap(NULL, 8192, PROT_READ|PROT_WRITE, MAP_PRIVATE|MAP_ANONYMOUS, -1, 0) = 0x7fe9af160000
arch_prctl(ARCH_SET_FS, 0x7fe9af160dc0) = 0
set_tid_address(0x7fe9af161090)         = 5933
set_robust_list(0x7fe9af1610a0, 24)     = 0
rseq(0x7fe9af1616e0, 0x20, 0, 0x53053053) = 0
mprotect(0x7fe9af3ce000, 16384, PROT_READ) = 0
mprotect(0x7fe9af200000, 4096, PROT_READ) = 0
mprotect(0x7fe9af3e7000, 4096, PROT_READ) = 0
mprotect(0x7fe9af417000, 4096, PROT_READ) = 0
mprotect(0x556ffa13c000, 8192, PROT_READ) = 0
mprotect(0x7fe9af45f000, 8192, PROT_READ) = 0
prlimit64(0, RLIMIT_STACK, NULL, {rlim_cur=8192*1024, rlim_max=RLIM64_INFINITY}) = 0
munmap(0x7fe9af41d000, 41535)           = 0
prctl(PR_CAPBSET_READ, CAP_MAC_OVERRIDE) = 1
prctl(PR_CAPBSET_READ, 0x30 /* CAP_??? */) = -1 EINVAL (無効な引数です)
prctl(PR_CAPBSET_READ, CAP_CHECKPOINT_RESTORE) = 1
prctl(PR_CAPBSET_READ, 0x2c /* CAP_??? */) = -1 EINVAL (無効な引数です)
prctl(PR_CAPBSET_READ, 0x2a /* CAP_??? */) = -1 EINVAL (無効な引数です)
prctl(PR_CAPBSET_READ, 0x29 /* CAP_??? */) = -1 EINVAL (無効な引数です)
statfs("/sys/fs/selinux", {f_type=SELINUX_MAGIC, f_bsize=4096, f_blocks=0, f_bfree=0, f_bavail=0, f_files=0, f_ffree=0, f_fsid={val=[0x14, 0]}, f_namelen=255, f_frsize=4096, f_flags=ST_VALID|ST_NOSUID|ST_NOEXEC|ST_RELATIME}) = 0
statfs("/sys/fs/selinux", {f_type=SELINUX_MAGIC, f_bsize=4096, f_blocks=0, f_bfree=0, f_bavail=0, f_files=0, f_ffree=0, f_fsid={val=[0x14, 0]}, f_namelen=255, f_frsize=4096, f_flags=ST_VALID|ST_NOSUID|ST_NOEXEC|ST_RELATIME}) = 0
getrandom("\x29\xe8\x8c\x01\x27\xb5\x83\x5d", 8, GRND_NONBLOCK) = 8
brk(NULL)                               = 0x5570070a6000
brk(0x5570070c7000)                     = 0x5570070c7000
access("/etc/selinux/config", F_OK)     = 0
openat(AT_FDCWD, "/usr/lib/locale/locale-archive", O_RDONLY|O_CLOEXEC) = 3
fstat(3, {st_mode=S_IFREG|0644, st_size=229754784, ...}) = 0
mmap(NULL, 229754784, PROT_READ, MAP_PRIVATE, 3, 0) = 0x7fe9a1600000
close(3)                                = 0
ioctl(1, TCGETS, {c_iflag=ICRNL|IXON, c_oflag=NL0|CR0|TAB0|BS0|VT0|FF0|OPOST|ONLCR, c_cflag=B38400|CS8|CREAD, c_lflag=ISIG|ICANON|ECHO|ECHOE|ECHOK|IEXTEN|ECHOCTL|ECHOKE, ...}) = 0
ioctl(1, TIOCGWINSZ, {ws_row=61, ws_col=117, ws_xpixel=973, ws_ypixel=1039}) = 0
openat(AT_FDCWD, ".", O_RDONLY|O_NONBLOCK|O_CLOEXEC|O_DIRECTORY) = 3
fstat(3, {st_mode=S_IFDIR|0755, st_size=56, ...}) = 0
getdents64(3, 0x5570070ac750 /* 5 entries */, 32768) = 144
getdents64(3, 0x5570070ac750 /* 0 entries */, 32768) = 0
close(3)                                = 0
fstat(1, {st_mode=S_IFCHR|0620, st_rdev=makedev(0x88, 0x1), ...}) = 0
write(1, "ps.log\tpstree.log  strace.log\n", 30) = 30
close(1)                                = 0
close(2)                                = 0
exit_group(0)                           = ?
+++ exited with 0 +++
