ELF ヘッダ:
  マジック:  7f 45 4c 46 02 01 01 00 00 00 00 00 00 00 00 00 
  クラス:                            ELF64
  データ:                            2 の補数、リトルエンディアン
  Version:                           1 (current)
  OS/ABI:                            UNIX - System V
  ABI バージョン:                    0
  型:                                EXEC (実行可能ファイル)
  マシン:                            Advanced Micro Devices X86-64
  バージョン:                        0x1
  エントリポイントアドレス:          0x401040
  プログラムヘッダ始点:            64 (バイト)
  セクションヘッダ始点:              14664 (バイト)
  フラグ:                            0x0
  Size of this header:               64 (bytes)
  Size of program headers:           56 (bytes)
  Number of program headers:         13
  Size of section headers:           64 (bytes)
  Number of section headers:         32
  Section header string table index: 31
